0 info it worked if it ends with ok
1 verbose cli [ 'C:\\Program Files\\nodejs\\node.exe',
1 verbose cli   'C:\\Users\\Esteban.Flores\\AppData\\Roaming\\npm\\node_modules\\npm\\bin\\npm-cli.js',
1 verbose cli   'start' ]
2 info using npm@4.1.2
3 info using node@v7.10.0
4 verbose run-script [ 'prestart', 'start', 'poststart' ]
5 info lifecycle dang-thats-delicious@0.0.0~prestart: dang-thats-delicious@0.0.0
6 silly lifecycle dang-thats-delicious@0.0.0~prestart: no script for prestart, continuing
7 info lifecycle dang-thats-delicious@0.0.0~start: dang-thats-delicious@0.0.0
8 verbose lifecycle dang-thats-delicious@0.0.0~start: unsafe-perm in lifecycle true
9 verbose lifecycle dang-thats-delicious@0.0.0~start: PATH: C:\Users\Esteban.Flores\AppData\Roaming\npm\node_modules\npm\bin\node-gyp-bin;C:\Users\Esteban.Flores\WebstormProjects\WesBos-Courses\LearnNode\node_modules\.bin;C:\ProgramData\Oracle\Java\javapath;C:\Program Files (x86)\HP SimplePass\x64;C:\Program Files (x86)\HP SimplePass\;C:\Program Files (x86)\HP SimplePass\x64;C:\Program Files (x86)\HP SimplePass\;C:\Program Files (x86)\Intel\iCLS Client\;C:\Program Files\Intel\iCLS Client\;C:\Windows\system32;C:\Windows;C:\Windows\System32\Wbem;C:\Windows\System32\WindowsPowerShell\v1.0\;C:\Program Files (x86)\Windows Live\Shared;C:\Program Files\Intel\Intel(R) Management Engine Components\DAL;C:\Program Files\Intel\Intel(R) Management Engine Components\IPT;C:\Program Files (x86)\Intel\Intel(R) Management Engine Components\DAL;C:\Program Files (x86)\Intel\Intel(R) Management Engine Components\IPT;C:\Program Files (x86)\Intel\OpenCL SDK\2.0\bin\x86;C:\Program Files (x86)\Intel\OpenCL SDK\2.0\bin\x64;C:\Program Files\TortoiseGit\bin;C:\Program Files\Microsoft\Web Platform Installer\;C:\Program Files\Java\jdk\bin\java.exe;C:\php;C:\bin;C:\xampp\mysql\;C:\ProgramData\ComposerSetup\bin;C:\sqlite;C:\wamp\bin\php\php5.5.12;C:\xampp\php;C:\Users\DM\AppData\Roaming\Composer\vendor\bin;C:\Program Files (x86)\Skype\Phone\;C:\Program Files\TortoiseSVN\bin;C:\HashiCorp\Vagrant\bin;C:\xampp\mysql\bin;C:\Program Files (x86)\GnuWin32\bin;C:\Program Files\Microsoft SQL Server\130\Tools\Binn\;C:\Program Files (x86)\Windows Kits\10\Windows Performance Toolkit\;C:\ProgramData\chocolatey\bin;C:\Program Files\nodejs\;C:\Program Files (x86)\QuickTime\QTSystem\;C:\Program Files\Git\cmd;C:\Program Files (x86)\Yarn\bin;C:\Ruby24-x64\bin;C:\Users\Esteban.Flores\AppData\Local\Programs\Python\Python36-32\Scripts\;C:\Users\Esteban.Flores\AppData\Local\Programs\Python\Python36-32\;C:\Users\Esteban.Flores\AppData\Local\Programs\Python\Python35-32\python.exe;C:\Users\Esteban.Flores\.dnx\bin;C:\Program Files\MongoDB\Server\3.2\bin;C:\curl.exe;C:\Program Files (x86)\Java\jdk1.7.0_71\bin;C:\Users\Esteban.Flores\AppData\Roaming\npm;c:\windows\system32\wbem;C:\Program Files\Git\bin;C:\Users\Esteban.Flores\AppData\Local\Programs\Fiddler;C:\Program Files\Heroku\bin;C:\Program Files\Microsoft VS Code\bin;C:\Users\Esteban.Flores\AppData\Local\Yarn\bin
10 verbose lifecycle dang-thats-delicious@0.0.0~start: CWD: C:\Users\Esteban.Flores\WebstormProjects\WesBos-Courses\LearnNode
11 silly lifecycle dang-thats-delicious@0.0.0~start: Args: [ '/d /s /c',
11 silly lifecycle   'concurrently "npm run watch" "npm run assets" --names "💻,📦" --prefix name' ]
12 silly lifecycle dang-thats-delicious@0.0.0~start: Returned: code: 1  signal: null
13 info lifecycle dang-thats-delicious@0.0.0~start: Failed to exec start script
14 verbose stack Error: dang-thats-delicious@0.0.0 start: `concurrently "npm run watch" "npm run assets" --names "💻,📦" --prefix name`
14 verbose stack Exit status 1
14 verbose stack     at EventEmitter.<anonymous> (C:\Users\Esteban.Flores\AppData\Roaming\npm\node_modules\npm\lib\utils\lifecycle.js:279:16)
14 verbose stack     at emitTwo (events.js:106:13)
14 verbose stack     at EventEmitter.emit (events.js:194:7)
14 verbose stack     at ChildProcess.<anonymous> (C:\Users\Esteban.Flores\AppData\Roaming\npm\node_modules\npm\lib\utils\spawn.js:40:14)
14 verbose stack     at emitTwo (events.js:106:13)
14 verbose stack     at ChildProcess.emit (events.js:194:7)
14 verbose stack     at maybeClose (internal/child_process.js:899:16)
14 verbose stack     at Process.ChildProcess._handle.onexit (internal/child_process.js:226:5)
15 verbose pkgid dang-thats-delicious@0.0.0
16 verbose cwd C:\Users\Esteban.Flores\WebstormProjects\WesBos-Courses\LearnNode
17 error Windows_NT 6.3.9600
18 error argv "C:\\Program Files\\nodejs\\node.exe" "C:\\Users\\Esteban.Flores\\AppData\\Roaming\\npm\\node_modules\\npm\\bin\\npm-cli.js" "start"
19 error node v7.10.0
20 error npm  v4.1.2
21 error code ELIFECYCLE
22 error dang-thats-delicious@0.0.0 start: `concurrently "npm run watch" "npm run assets" --names "💻,📦" --prefix name`
22 error Exit status 1
23 error Failed at the dang-thats-delicious@0.0.0 start script 'concurrently "npm run watch" "npm run assets" --names "💻,📦" --prefix name'.
23 error Make sure you have the latest version of node.js and npm installed.
23 error If you do, this is most likely a problem with the dang-thats-delicious package,
23 error not with npm itself.
23 error Tell the author that this fails on your system:
23 error     concurrently "npm run watch" "npm run assets" --names "💻,📦" --prefix name
23 error You can get information on how to open an issue for this project with:
23 error     npm bugs dang-thats-delicious
23 error Or if that isn't available, you can get their info via:
23 error     npm owner ls dang-thats-delicious
23 error There is likely additional logging output above.
24 verbose exit [ 1, true ]
